2025-10-01 21:54:54 - __main__ - INFO - ==================================================
==  INICIANDO PIPELINE DE DADOS COMPLETO (FINAL FASE 2)  ==
==================================================
2025-10-01 21:54:54 - __main__ - INFO - Carregando arquivo: 20250916-div_inscricoes.csv
2025-10-01 21:54:54 - __main__ - INFO - Dados carregados com sucesso. Shape: (2099, 32)
2025-10-01 21:54:54 - __main__ - INFO - Carregando arquivo: 20250916-div_profile.csv
2025-10-01 21:54:54 - __main__ - INFO - Dados carregados com sucesso. Shape: (158, 25)
2025-10-01 21:54:54 - __main__ - INFO - Carregando arquivo: 20250916-div_voluntariado.csv
2025-10-01 21:54:54 - __main__ - INFO - Dados carregados com sucesso. Shape: (199, 21)
2025-10-01 21:54:54 - __main__ - INFO - --- Gerando Análise de Crescimento da Comunidade ---
2025-10-01 21:54:54 - __main__ - INFO - Análise de crescimento salva em: E:\TransDevsDataAnalysis\reports\crescimento_mensal.csv
2025-10-01 21:54:54 - __main__ - INFO - --- Processando Dados de Inscrições ---
2025-10-01 21:54:55 - __main__ - INFO - --- Processando Dados de Perfil ---
2025-10-01 21:54:55 - __main__ - INFO - --- Processando Dados de Voluntariado ---
2025-10-01 21:54:55 - __main__ - INFO - Iniciando merges...
2025-10-01 21:54:55 - __main__ - INFO - Merges concluídos. Shape final: (2101, 37)
2025-10-01 21:54:55 - __main__ - INFO - Contagem de tags de atuação salva em E:\TransDevsDataAnalysis\reports\atuacao_voluntariado_counts.csv
2025-10-01 21:54:55 - __main__ - INFO - ==================================================
== INICIANDO FASE DE MACHINE LEARNING (FINAL) ==
==================================================
2025-10-01 21:54:57 - __main__ - INFO - --- Gerando Resumo das Personas ---
2025-10-01 21:54:58 - __main__ - INFO - Resumo principal das personas salvo em E:\TransDevsDataAnalysis\reports\persona_summary_refinado.csv
2025-10-01 21:54:58 - __main__ - INFO - Detalhes das personas salvos em E:\TransDevsDataAnalysis\reports\persona_details_refinado.csv
2025-10-01 21:54:58 - __main__ - INFO - Dados consolidados e enriquecidos (com personas) salvos em: E:\TransDevsDataAnalysis\data\processed\dados_consolidados_comunidade.csv
2025-10-01 21:54:58 - __main__ - INFO - Pipeline completo finalizado com sucesso.
